<?xml version="1.0" encoding="UTF-8"?>
<testng-results ignored="0" total="11" passed="0" failed="11" skipped="0">
  <reporter-output>
  </reporter-output>
<<<<<<< HEAD
  <suite started-at="2025-04-25T08:49:16 CDT" name="Default suite" finished-at="2025-04-25T08:51:19 CDT" duration-ms="122950">
=======
  <suite started-at="2025-04-29T22:36:07 EDT" name="Default suite" finished-at="2025-04-29T22:40:40 EDT" duration-ms="272227">
>>>>>>> 22e7530fa20d069445f7a5116911e2d76ec357a2
    <groups>
      <group name="cucumber">
        <method signature="AbstractTestNGCucumberTests.runScenario(io.cucumber.testng.PickleWrapper,io.cucumber.testng.FeatureWrapper)[pri:0, instance:testRunner.TestRunner@54e81b21]" name="runScenario" class="io.cucumber.testng.AbstractTestNGCucumberTests"/>
      </group> <!-- cucumber -->
    </groups>
<<<<<<< HEAD
    <test started-at="2025-04-25T08:49:16 CDT" name="Default test" finished-at="2025-04-25T08:51:19 CDT" duration-ms="122950">
      <class name="testRunner.TestRunner">
        <test-method is-config="true" signature="setUpClass(org.testng.ITestContext)[pri:0, instance:testRunner.TestRunner@54e81b21]" started-at="2025-04-25T08:49:16 CDT" name="setUpClass" finished-at="2025-04-25T08:49:16 CDT" duration-ms="265" status="PASS">
          <params>
            <param index="0">
              <value>
                <![CDATA[org.testng.TestRunner@2db86a7c]]>
=======
    <test started-at="2025-04-29T22:36:07 EDT" name="Default test" finished-at="2025-04-29T22:40:40 EDT" duration-ms="272227">
      <class name="testRunner.TestRunner">
        <test-method is-config="true" signature="setUpClass(org.testng.ITestContext)[pri:0, instance:testRunner.TestRunner@6650813a]" started-at="2025-04-29T22:36:08 EDT" name="setUpClass" finished-at="2025-04-29T22:36:08 EDT" duration-ms="597" status="PASS">
          <params>
            <param index="0">
              <value>
                <![CDATA[org.testng.TestRunner@5d84e363]]>
>>>>>>> 22e7530fa20d069445f7a5116911e2d76ec357a2
              </value>
            </param>
          </params>
          <reporter-output>
          </reporter-output>
        </test-method> <!-- setUpClass -->
<<<<<<< HEAD
        <test-method signature="runScenario(io.cucumber.testng.PickleWrapper,io.cucumber.testng.FeatureWrapper)[pri:0, instance:testRunner.TestRunner@54e81b21]" started-at="2025-04-25T08:49:16 CDT" name="runScenario" description="Runs Cucumber Scenarios" data-provider="scenarios" finished-at="2025-04-25T08:51:17 CDT" duration-ms="121051" status="PASS">
=======
        <test-method signature="runScenario(io.cucumber.testng.PickleWrapper,io.cucumber.testng.FeatureWrapper)[pri:0, instance:testRunner.TestRunner@6650813a]" started-at="2025-04-29T22:36:08 EDT" name="runScenario" description="Runs Cucumber Scenarios" data-provider="scenarios" finished-at="2025-04-29T22:37:16 EDT" duration-ms="67995" status="FAIL">
>>>>>>> 22e7530fa20d069445f7a5116911e2d76ec357a2
          <params>
            <param index="0">
              <value>
                <![CDATA["Verify the presence of subscribe option"]]>
              </value>
            </param>
            <param index="1">
              <value>
                <![CDATA["Subscribe functionality"]]>
              </value>
            </param>
          </params>
          <exception class="org.openqa.selenium.NoSuchElementException">
            <message>
              <![CDATA[Unable to find element with locator By.xpath: //android.widget.TextView[@text="SkyTube"]
For documentation on this error, please visit: https://www.selenium.dev/documentation/webdriver/troubleshooting/errors#no-such-element-exception
Build info: version: '4.31.0', revision: '1ef9f18787*'
System info: os.name: 'Mac OS X', os.arch: 'x86_64', os.version: '15.3.1', java.version: '17.0.9'
Driver info: driver.version: RemoteWebDriver]]>
            </message>
            <full-stacktrace>
              <![CDATA[org.openqa.selenium.NoSuchElementException: Unable to find element with locator By.xpath: //android.widget.TextView[@text="SkyTube"]
For documentation on this error, please visit: https://www.selenium.dev/documentation/webdriver/troubleshooting/errors#no-such-element-exception
Build info: version: '4.31.0', revision: '1ef9f18787*'
System info: os.name: 'Mac OS X', os.arch: 'x86_64', os.version: '15.3.1', java.version: '17.0.9'
Driver info: driver.version: RemoteWebDriver
at org.openqa.selenium.remote.ElementLocation$ElementFinder$2.findElement(ElementLocation.java:168)
at org.openqa.selenium.remote.ElementLocation.findElement(ElementLocation.java:59)
at org.openqa.selenium.remote.RemoteWebDriver.findElement(RemoteWebDriver.java:368)
at org.openqa.selenium.remote.RemoteWebDriver.findElement(RemoteWebDriver.java:362)
at pages.TrendingPage.getSkyTubePageTitle(TrendingPage.java:34)
at stepDefinitions.SubscribeSteps.user_is_on_trending_tab(SubscribeSteps.java:30)
at ✽.User is on Trending tab(file:///Users/mathumathibalakrishnan/eclipse/Mathumathi_2025/Team4_AppiumAvengers/src/test/resources/features/subscribe.feature:5)
]]>
            </full-stacktrace>
          </exception> <!-- org.openqa.selenium.NoSuchElementException -->
          <reporter-output>
          </reporter-output>
        </test-method> <!-- runScenario -->
<<<<<<< HEAD
        <test-method is-config="true" signature="tearDownClass()[pri:0, instance:testRunner.TestRunner@54e81b21]" started-at="2025-04-25T08:51:17 CDT" name="tearDownClass" finished-at="2025-04-25T08:51:18 CDT" duration-ms="1424" status="PASS">
=======
        <test-method signature="runScenario(io.cucumber.testng.PickleWrapper,io.cucumber.testng.FeatureWrapper)[pri:0, instance:testRunner.TestRunner@6650813a]" started-at="2025-04-29T22:37:16 EDT" name="runScenario" description="Runs Cucumber Scenarios" data-provider="scenarios" finished-at="2025-04-29T22:37:47 EDT" duration-ms="30675" status="FAIL">
          <params>
            <param index="0">
              <value>
                <![CDATA["Verify the presence of subscribe button"]]>
              </value>
            </param>
            <param index="1">
              <value>
                <![CDATA["Subscribe functionality"]]>
              </value>
            </param>
          </params>
          <exception class="org.openqa.selenium.NoSuchElementException">
            <message>
              <![CDATA[Unable to find element with locator By.xpath: //android.widget.TextView[@text="SkyTube"]
For documentation on this error, please visit: https://www.selenium.dev/documentation/webdriver/troubleshooting/errors#no-such-element-exception
Build info: version: '4.31.0', revision: '1ef9f18787*'
System info: os.name: 'Mac OS X', os.arch: 'x86_64', os.version: '15.3.1', java.version: '17.0.9'
Driver info: driver.version: RemoteWebDriver]]>
            </message>
            <full-stacktrace>
              <![CDATA[org.openqa.selenium.NoSuchElementException: Unable to find element with locator By.xpath: //android.widget.TextView[@text="SkyTube"]
For documentation on this error, please visit: https://www.selenium.dev/documentation/webdriver/troubleshooting/errors#no-such-element-exception
Build info: version: '4.31.0', revision: '1ef9f18787*'
System info: os.name: 'Mac OS X', os.arch: 'x86_64', os.version: '15.3.1', java.version: '17.0.9'
Driver info: driver.version: RemoteWebDriver
at org.openqa.selenium.remote.ElementLocation$ElementFinder$2.findElement(ElementLocation.java:168)
at org.openqa.selenium.remote.ElementLocation.findElement(ElementLocation.java:59)
at org.openqa.selenium.remote.RemoteWebDriver.findElement(RemoteWebDriver.java:368)
at org.openqa.selenium.remote.RemoteWebDriver.findElement(RemoteWebDriver.java:362)
at pages.TrendingPage.getSkyTubePageTitle(TrendingPage.java:34)
at stepDefinitions.SubscribeSteps.user_is_on_trending_tab(SubscribeSteps.java:30)
at ✽.User is on Trending tab(file:///Users/mathumathibalakrishnan/eclipse/Mathumathi_2025/Team4_AppiumAvengers/src/test/resources/features/subscribe.feature:5)
]]>
            </full-stacktrace>
          </exception> <!-- org.openqa.selenium.NoSuchElementException -->
          <reporter-output>
          </reporter-output>
        </test-method> <!-- runScenario -->
        <test-method signature="runScenario(io.cucumber.testng.PickleWrapper,io.cucumber.testng.FeatureWrapper)[pri:0, instance:testRunner.TestRunner@6650813a]" started-at="2025-04-29T22:37:47 EDT" name="runScenario" description="Runs Cucumber Scenarios" data-provider="scenarios" finished-at="2025-04-29T22:38:14 EDT" duration-ms="27084" status="FAIL">
          <params>
            <param index="0">
              <value>
                <![CDATA["Validate if user able to subscribe the channel"]]>
              </value>
            </param>
            <param index="1">
              <value>
                <![CDATA["Subscribe functionality"]]>
              </value>
            </param>
          </params>
          <exception class="org.openqa.selenium.NoSuchElementException">
            <message>
              <![CDATA[Unable to find element with locator By.xpath: //android.widget.TextView[@text="SkyTube"]
For documentation on this error, please visit: https://www.selenium.dev/documentation/webdriver/troubleshooting/errors#no-such-element-exception
Build info: version: '4.31.0', revision: '1ef9f18787*'
System info: os.name: 'Mac OS X', os.arch: 'x86_64', os.version: '15.3.1', java.version: '17.0.9'
Driver info: driver.version: RemoteWebDriver]]>
            </message>
            <full-stacktrace>
              <![CDATA[org.openqa.selenium.NoSuchElementException: Unable to find element with locator By.xpath: //android.widget.TextView[@text="SkyTube"]
For documentation on this error, please visit: https://www.selenium.dev/documentation/webdriver/troubleshooting/errors#no-such-element-exception
Build info: version: '4.31.0', revision: '1ef9f18787*'
System info: os.name: 'Mac OS X', os.arch: 'x86_64', os.version: '15.3.1', java.version: '17.0.9'
Driver info: driver.version: RemoteWebDriver
at org.openqa.selenium.remote.ElementLocation$ElementFinder$2.findElement(ElementLocation.java:168)
at org.openqa.selenium.remote.ElementLocation.findElement(ElementLocation.java:59)
at org.openqa.selenium.remote.RemoteWebDriver.findElement(RemoteWebDriver.java:368)
at org.openqa.selenium.remote.RemoteWebDriver.findElement(RemoteWebDriver.java:362)
at pages.TrendingPage.getSkyTubePageTitle(TrendingPage.java:34)
at stepDefinitions.SubscribeSteps.user_is_on_trending_tab(SubscribeSteps.java:30)
at ✽.User is on Trending tab(file:///Users/mathumathibalakrishnan/eclipse/Mathumathi_2025/Team4_AppiumAvengers/src/test/resources/features/subscribe.feature:5)
]]>
            </full-stacktrace>
          </exception> <!-- org.openqa.selenium.NoSuchElementException -->
          <reporter-output>
          </reporter-output>
        </test-method> <!-- runScenario -->
        <test-method signature="runScenario(io.cucumber.testng.PickleWrapper,io.cucumber.testng.FeatureWrapper)[pri:0, instance:testRunner.TestRunner@6650813a]" started-at="2025-04-29T22:38:14 EDT" name="runScenario" description="Runs Cucumber Scenarios" data-provider="scenarios" finished-at="2025-04-29T22:38:37 EDT" duration-ms="23417" status="FAIL">
          <params>
            <param index="0">
              <value>
                <![CDATA["Validate if user able to subscribe the video"]]>
              </value>
            </param>
            <param index="1">
              <value>
                <![CDATA["Subscribe functionality"]]>
              </value>
            </param>
          </params>
          <exception class="org.openqa.selenium.NoSuchElementException">
            <message>
              <![CDATA[Unable to find element with locator By.xpath: //android.widget.TextView[@text="SkyTube"]
For documentation on this error, please visit: https://www.selenium.dev/documentation/webdriver/troubleshooting/errors#no-such-element-exception
Build info: version: '4.31.0', revision: '1ef9f18787*'
System info: os.name: 'Mac OS X', os.arch: 'x86_64', os.version: '15.3.1', java.version: '17.0.9'
Driver info: driver.version: RemoteWebDriver]]>
            </message>
            <full-stacktrace>
              <![CDATA[org.openqa.selenium.NoSuchElementException: Unable to find element with locator By.xpath: //android.widget.TextView[@text="SkyTube"]
For documentation on this error, please visit: https://www.selenium.dev/documentation/webdriver/troubleshooting/errors#no-such-element-exception
Build info: version: '4.31.0', revision: '1ef9f18787*'
System info: os.name: 'Mac OS X', os.arch: 'x86_64', os.version: '15.3.1', java.version: '17.0.9'
Driver info: driver.version: RemoteWebDriver
at org.openqa.selenium.remote.ElementLocation$ElementFinder$2.findElement(ElementLocation.java:168)
at org.openqa.selenium.remote.ElementLocation.findElement(ElementLocation.java:59)
at org.openqa.selenium.remote.RemoteWebDriver.findElement(RemoteWebDriver.java:368)
at org.openqa.selenium.remote.RemoteWebDriver.findElement(RemoteWebDriver.java:362)
at pages.TrendingPage.getSkyTubePageTitle(TrendingPage.java:34)
at stepDefinitions.SubscribeSteps.user_is_on_trending_tab(SubscribeSteps.java:30)
at ✽.User is on Trending tab(file:///Users/mathumathibalakrishnan/eclipse/Mathumathi_2025/Team4_AppiumAvengers/src/test/resources/features/subscribe.feature:5)
]]>
            </full-stacktrace>
          </exception> <!-- org.openqa.selenium.NoSuchElementException -->
          <reporter-output>
          </reporter-output>
        </test-method> <!-- runScenario -->
        <test-method signature="runScenario(io.cucumber.testng.PickleWrapper,io.cucumber.testng.FeatureWrapper)[pri:0, instance:testRunner.TestRunner@6650813a]" started-at="2025-04-29T22:38:37 EDT" name="runScenario" description="Runs Cucumber Scenarios" data-provider="scenarios" finished-at="2025-04-29T22:39:00 EDT" duration-ms="22661" status="FAIL">
          <params>
            <param index="0">
              <value>
                <![CDATA["Verify the presence of Unsubscribe option"]]>
              </value>
            </param>
            <param index="1">
              <value>
                <![CDATA["UnSubscribe functionality"]]>
              </value>
            </param>
          </params>
          <exception class="org.openqa.selenium.NoSuchElementException">
            <message>
              <![CDATA[Unable to find element with locator By.xpath: //android.widget.TextView[@text="SkyTube"]
For documentation on this error, please visit: https://www.selenium.dev/documentation/webdriver/troubleshooting/errors#no-such-element-exception
Build info: version: '4.31.0', revision: '1ef9f18787*'
System info: os.name: 'Mac OS X', os.arch: 'x86_64', os.version: '15.3.1', java.version: '17.0.9'
Driver info: driver.version: RemoteWebDriver]]>
            </message>
            <full-stacktrace>
              <![CDATA[org.openqa.selenium.NoSuchElementException: Unable to find element with locator By.xpath: //android.widget.TextView[@text="SkyTube"]
For documentation on this error, please visit: https://www.selenium.dev/documentation/webdriver/troubleshooting/errors#no-such-element-exception
Build info: version: '4.31.0', revision: '1ef9f18787*'
System info: os.name: 'Mac OS X', os.arch: 'x86_64', os.version: '15.3.1', java.version: '17.0.9'
Driver info: driver.version: RemoteWebDriver
at org.openqa.selenium.remote.ElementLocation$ElementFinder$2.findElement(ElementLocation.java:168)
at org.openqa.selenium.remote.ElementLocation.findElement(ElementLocation.java:59)
at org.openqa.selenium.remote.RemoteWebDriver.findElement(RemoteWebDriver.java:368)
at org.openqa.selenium.remote.RemoteWebDriver.findElement(RemoteWebDriver.java:362)
at pages.TrendingPage.getSkyTubePageTitle(TrendingPage.java:34)
at stepDefinitions.SubscribeSteps.user_is_on_trending_tab(SubscribeSteps.java:30)
at ✽.User is on Trending tab(file:///Users/mathumathibalakrishnan/eclipse/Mathumathi_2025/Team4_AppiumAvengers/src/test/resources/features/unSubscribe.feature:5)
]]>
            </full-stacktrace>
          </exception> <!-- org.openqa.selenium.NoSuchElementException -->
          <reporter-output>
          </reporter-output>
        </test-method> <!-- runScenario -->
        <test-method signature="runScenario(io.cucumber.testng.PickleWrapper,io.cucumber.testng.FeatureWrapper)[pri:0, instance:testRunner.TestRunner@6650813a]" started-at="2025-04-29T22:39:00 EDT" name="runScenario" description="Runs Cucumber Scenarios" data-provider="scenarios" finished-at="2025-04-29T22:39:19 EDT" duration-ms="18685" status="FAIL">
          <params>
            <param index="0">
              <value>
                <![CDATA["Verify the presence of Unsubscribe button"]]>
              </value>
            </param>
            <param index="1">
              <value>
                <![CDATA["UnSubscribe functionality"]]>
              </value>
            </param>
          </params>
          <exception class="org.openqa.selenium.NoSuchElementException">
            <message>
              <![CDATA[Unable to find element with locator By.xpath: //android.widget.TextView[@text="SkyTube"]
For documentation on this error, please visit: https://www.selenium.dev/documentation/webdriver/troubleshooting/errors#no-such-element-exception
Build info: version: '4.31.0', revision: '1ef9f18787*'
System info: os.name: 'Mac OS X', os.arch: 'x86_64', os.version: '15.3.1', java.version: '17.0.9'
Driver info: driver.version: RemoteWebDriver]]>
            </message>
            <full-stacktrace>
              <![CDATA[org.openqa.selenium.NoSuchElementException: Unable to find element with locator By.xpath: //android.widget.TextView[@text="SkyTube"]
For documentation on this error, please visit: https://www.selenium.dev/documentation/webdriver/troubleshooting/errors#no-such-element-exception
Build info: version: '4.31.0', revision: '1ef9f18787*'
System info: os.name: 'Mac OS X', os.arch: 'x86_64', os.version: '15.3.1', java.version: '17.0.9'
Driver info: driver.version: RemoteWebDriver
at org.openqa.selenium.remote.ElementLocation$ElementFinder$2.findElement(ElementLocation.java:168)
at org.openqa.selenium.remote.ElementLocation.findElement(ElementLocation.java:59)
at org.openqa.selenium.remote.RemoteWebDriver.findElement(RemoteWebDriver.java:368)
at org.openqa.selenium.remote.RemoteWebDriver.findElement(RemoteWebDriver.java:362)
at pages.TrendingPage.getSkyTubePageTitle(TrendingPage.java:34)
at stepDefinitions.SubscribeSteps.user_is_on_trending_tab(SubscribeSteps.java:30)
at ✽.User is on Trending tab(file:///Users/mathumathibalakrishnan/eclipse/Mathumathi_2025/Team4_AppiumAvengers/src/test/resources/features/unSubscribe.feature:5)
]]>
            </full-stacktrace>
          </exception> <!-- org.openqa.selenium.NoSuchElementException -->
          <reporter-output>
          </reporter-output>
        </test-method> <!-- runScenario -->
        <test-method signature="runScenario(io.cucumber.testng.PickleWrapper,io.cucumber.testng.FeatureWrapper)[pri:0, instance:testRunner.TestRunner@6650813a]" started-at="2025-04-29T22:39:19 EDT" name="runScenario" description="Runs Cucumber Scenarios" data-provider="scenarios" finished-at="2025-04-29T22:39:35 EDT" duration-ms="16298" status="FAIL">
          <params>
            <param index="0">
              <value>
                <![CDATA["Validate if user able to Unsubscribe the channel"]]>
              </value>
            </param>
            <param index="1">
              <value>
                <![CDATA["UnSubscribe functionality"]]>
              </value>
            </param>
          </params>
          <exception class="org.openqa.selenium.NoSuchElementException">
            <message>
              <![CDATA[Unable to find element with locator By.xpath: //android.widget.TextView[@text="SkyTube"]
For documentation on this error, please visit: https://www.selenium.dev/documentation/webdriver/troubleshooting/errors#no-such-element-exception
Build info: version: '4.31.0', revision: '1ef9f18787*'
System info: os.name: 'Mac OS X', os.arch: 'x86_64', os.version: '15.3.1', java.version: '17.0.9'
Driver info: driver.version: RemoteWebDriver]]>
            </message>
            <full-stacktrace>
              <![CDATA[org.openqa.selenium.NoSuchElementException: Unable to find element with locator By.xpath: //android.widget.TextView[@text="SkyTube"]
For documentation on this error, please visit: https://www.selenium.dev/documentation/webdriver/troubleshooting/errors#no-such-element-exception
Build info: version: '4.31.0', revision: '1ef9f18787*'
System info: os.name: 'Mac OS X', os.arch: 'x86_64', os.version: '15.3.1', java.version: '17.0.9'
Driver info: driver.version: RemoteWebDriver
at org.openqa.selenium.remote.ElementLocation$ElementFinder$2.findElement(ElementLocation.java:168)
at org.openqa.selenium.remote.ElementLocation.findElement(ElementLocation.java:59)
at org.openqa.selenium.remote.RemoteWebDriver.findElement(RemoteWebDriver.java:368)
at org.openqa.selenium.remote.RemoteWebDriver.findElement(RemoteWebDriver.java:362)
at pages.TrendingPage.getSkyTubePageTitle(TrendingPage.java:34)
at stepDefinitions.SubscribeSteps.user_is_on_trending_tab(SubscribeSteps.java:30)
at ✽.User is on Trending tab(file:///Users/mathumathibalakrishnan/eclipse/Mathumathi_2025/Team4_AppiumAvengers/src/test/resources/features/unSubscribe.feature:5)
]]>
            </full-stacktrace>
          </exception> <!-- org.openqa.selenium.NoSuchElementException -->
          <reporter-output>
          </reporter-output>
        </test-method> <!-- runScenario -->
        <test-method signature="runScenario(io.cucumber.testng.PickleWrapper,io.cucumber.testng.FeatureWrapper)[pri:0, instance:testRunner.TestRunner@6650813a]" started-at="2025-04-29T22:39:35 EDT" name="runScenario" description="Runs Cucumber Scenarios" data-provider="scenarios" finished-at="2025-04-29T22:39:51 EDT" duration-ms="16019" status="FAIL">
          <params>
            <param index="0">
              <value>
                <![CDATA["Validate if user able to Unsubscribe the video"]]>
              </value>
            </param>
            <param index="1">
              <value>
                <![CDATA["UnSubscribe functionality"]]>
              </value>
            </param>
          </params>
          <exception class="org.openqa.selenium.NoSuchElementException">
            <message>
              <![CDATA[Unable to find element with locator By.xpath: //android.widget.TextView[@text="SkyTube"]
For documentation on this error, please visit: https://www.selenium.dev/documentation/webdriver/troubleshooting/errors#no-such-element-exception
Build info: version: '4.31.0', revision: '1ef9f18787*'
System info: os.name: 'Mac OS X', os.arch: 'x86_64', os.version: '15.3.1', java.version: '17.0.9'
Driver info: driver.version: RemoteWebDriver]]>
            </message>
            <full-stacktrace>
              <![CDATA[org.openqa.selenium.NoSuchElementException: Unable to find element with locator By.xpath: //android.widget.TextView[@text="SkyTube"]
For documentation on this error, please visit: https://www.selenium.dev/documentation/webdriver/troubleshooting/errors#no-such-element-exception
Build info: version: '4.31.0', revision: '1ef9f18787*'
System info: os.name: 'Mac OS X', os.arch: 'x86_64', os.version: '15.3.1', java.version: '17.0.9'
Driver info: driver.version: RemoteWebDriver
at org.openqa.selenium.remote.ElementLocation$ElementFinder$2.findElement(ElementLocation.java:168)
at org.openqa.selenium.remote.ElementLocation.findElement(ElementLocation.java:59)
at org.openqa.selenium.remote.RemoteWebDriver.findElement(RemoteWebDriver.java:368)
at org.openqa.selenium.remote.RemoteWebDriver.findElement(RemoteWebDriver.java:362)
at pages.TrendingPage.getSkyTubePageTitle(TrendingPage.java:34)
at stepDefinitions.SubscribeSteps.user_is_on_trending_tab(SubscribeSteps.java:30)
at ✽.User is on Trending tab(file:///Users/mathumathibalakrishnan/eclipse/Mathumathi_2025/Team4_AppiumAvengers/src/test/resources/features/unSubscribe.feature:5)
]]>
            </full-stacktrace>
          </exception> <!-- org.openqa.selenium.NoSuchElementException -->
          <reporter-output>
          </reporter-output>
        </test-method> <!-- runScenario -->
        <test-method signature="runScenario(io.cucumber.testng.PickleWrapper,io.cucumber.testng.FeatureWrapper)[pri:0, instance:testRunner.TestRunner@6650813a]" started-at="2025-04-29T22:39:51 EDT" name="runScenario" description="Runs Cucumber Scenarios" data-provider="scenarios" finished-at="2025-04-29T22:40:07 EDT" duration-ms="16326" status="FAIL">
          <params>
            <param index="0">
              <value>
                <![CDATA["Verify the presence of Watched Video Cleaner option"]]>
              </value>
            </param>
            <param index="1">
              <value>
                <![CDATA["Watched Video Cleaner functionality"]]>
              </value>
            </param>
          </params>
          <exception class="org.openqa.selenium.NoSuchElementException">
            <message>
              <![CDATA[Unable to find element with locator By.xpath: //android.widget.TextView[@text="SkyTube"]
For documentation on this error, please visit: https://www.selenium.dev/documentation/webdriver/troubleshooting/errors#no-such-element-exception
Build info: version: '4.31.0', revision: '1ef9f18787*'
System info: os.name: 'Mac OS X', os.arch: 'x86_64', os.version: '15.3.1', java.version: '17.0.9'
Driver info: driver.version: RemoteWebDriver]]>
            </message>
            <full-stacktrace>
              <![CDATA[org.openqa.selenium.NoSuchElementException: Unable to find element with locator By.xpath: //android.widget.TextView[@text="SkyTube"]
For documentation on this error, please visit: https://www.selenium.dev/documentation/webdriver/troubleshooting/errors#no-such-element-exception
Build info: version: '4.31.0', revision: '1ef9f18787*'
System info: os.name: 'Mac OS X', os.arch: 'x86_64', os.version: '15.3.1', java.version: '17.0.9'
Driver info: driver.version: RemoteWebDriver
at org.openqa.selenium.remote.ElementLocation$ElementFinder$2.findElement(ElementLocation.java:168)
at org.openqa.selenium.remote.ElementLocation.findElement(ElementLocation.java:59)
at org.openqa.selenium.remote.RemoteWebDriver.findElement(RemoteWebDriver.java:368)
at org.openqa.selenium.remote.RemoteWebDriver.findElement(RemoteWebDriver.java:362)
at pages.TrendingPage.getSkyTubePageTitle(TrendingPage.java:34)
at stepDefinitions.SubscribeSteps.user_is_on_trending_tab(SubscribeSteps.java:30)
at ✽.User is on Trending tab(file:///Users/mathumathibalakrishnan/eclipse/Mathumathi_2025/Team4_AppiumAvengers/src/test/resources/features/watchedVideoCleaner.feature:5)
]]>
            </full-stacktrace>
          </exception> <!-- org.openqa.selenium.NoSuchElementException -->
          <reporter-output>
          </reporter-output>
        </test-method> <!-- runScenario -->
        <test-method signature="runScenario(io.cucumber.testng.PickleWrapper,io.cucumber.testng.FeatureWrapper)[pri:0, instance:testRunner.TestRunner@6650813a]" started-at="2025-04-29T22:40:07 EDT" name="runScenario" description="Runs Cucumber Scenarios" data-provider="scenarios" finished-at="2025-04-29T22:40:24 EDT" duration-ms="16131" status="FAIL">
          <params>
            <param index="0">
              <value>
                <![CDATA["Verify watched video cleaner functionality for watched bookmarks"]]>
              </value>
            </param>
            <param index="1">
              <value>
                <![CDATA["Watched Video Cleaner functionality"]]>
              </value>
            </param>
          </params>
          <exception class="org.openqa.selenium.NoSuchElementException">
            <message>
              <![CDATA[Unable to find element with locator By.xpath: //android.widget.TextView[@text="SkyTube"]
For documentation on this error, please visit: https://www.selenium.dev/documentation/webdriver/troubleshooting/errors#no-such-element-exception
Build info: version: '4.31.0', revision: '1ef9f18787*'
System info: os.name: 'Mac OS X', os.arch: 'x86_64', os.version: '15.3.1', java.version: '17.0.9'
Driver info: driver.version: RemoteWebDriver]]>
            </message>
            <full-stacktrace>
              <![CDATA[org.openqa.selenium.NoSuchElementException: Unable to find element with locator By.xpath: //android.widget.TextView[@text="SkyTube"]
For documentation on this error, please visit: https://www.selenium.dev/documentation/webdriver/troubleshooting/errors#no-such-element-exception
Build info: version: '4.31.0', revision: '1ef9f18787*'
System info: os.name: 'Mac OS X', os.arch: 'x86_64', os.version: '15.3.1', java.version: '17.0.9'
Driver info: driver.version: RemoteWebDriver
at org.openqa.selenium.remote.ElementLocation$ElementFinder$2.findElement(ElementLocation.java:168)
at org.openqa.selenium.remote.ElementLocation.findElement(ElementLocation.java:59)
at org.openqa.selenium.remote.RemoteWebDriver.findElement(RemoteWebDriver.java:368)
at org.openqa.selenium.remote.RemoteWebDriver.findElement(RemoteWebDriver.java:362)
at pages.TrendingPage.getSkyTubePageTitle(TrendingPage.java:34)
at stepDefinitions.SubscribeSteps.user_is_on_trending_tab(SubscribeSteps.java:30)
at ✽.User is on Trending tab(file:///Users/mathumathibalakrishnan/eclipse/Mathumathi_2025/Team4_AppiumAvengers/src/test/resources/features/watchedVideoCleaner.feature:5)
]]>
            </full-stacktrace>
          </exception> <!-- org.openqa.selenium.NoSuchElementException -->
          <reporter-output>
          </reporter-output>
        </test-method> <!-- runScenario -->
        <test-method signature="runScenario(io.cucumber.testng.PickleWrapper,io.cucumber.testng.FeatureWrapper)[pri:0, instance:testRunner.TestRunner@6650813a]" started-at="2025-04-29T22:40:24 EDT" name="runScenario" description="Runs Cucumber Scenarios" data-provider="scenarios" finished-at="2025-04-29T22:40:40 EDT" duration-ms="15981" status="FAIL">
          <params>
            <param index="0">
              <value>
                <![CDATA["Verify watched video cleaner functionality for watched downloads"]]>
              </value>
            </param>
            <param index="1">
              <value>
                <![CDATA["Watched Video Cleaner functionality"]]>
              </value>
            </param>
          </params>
          <exception class="org.openqa.selenium.NoSuchElementException">
            <message>
              <![CDATA[Unable to find element with locator By.xpath: //android.widget.TextView[@text="SkyTube"]
For documentation on this error, please visit: https://www.selenium.dev/documentation/webdriver/troubleshooting/errors#no-such-element-exception
Build info: version: '4.31.0', revision: '1ef9f18787*'
System info: os.name: 'Mac OS X', os.arch: 'x86_64', os.version: '15.3.1', java.version: '17.0.9'
Driver info: driver.version: RemoteWebDriver]]>
            </message>
            <full-stacktrace>
              <![CDATA[org.openqa.selenium.NoSuchElementException: Unable to find element with locator By.xpath: //android.widget.TextView[@text="SkyTube"]
For documentation on this error, please visit: https://www.selenium.dev/documentation/webdriver/troubleshooting/errors#no-such-element-exception
Build info: version: '4.31.0', revision: '1ef9f18787*'
System info: os.name: 'Mac OS X', os.arch: 'x86_64', os.version: '15.3.1', java.version: '17.0.9'
Driver info: driver.version: RemoteWebDriver
at org.openqa.selenium.remote.ElementLocation$ElementFinder$2.findElement(ElementLocation.java:168)
at org.openqa.selenium.remote.ElementLocation.findElement(ElementLocation.java:59)
at org.openqa.selenium.remote.RemoteWebDriver.findElement(RemoteWebDriver.java:368)
at org.openqa.selenium.remote.RemoteWebDriver.findElement(RemoteWebDriver.java:362)
at pages.TrendingPage.getSkyTubePageTitle(TrendingPage.java:34)
at stepDefinitions.SubscribeSteps.user_is_on_trending_tab(SubscribeSteps.java:30)
at ✽.User is on Trending tab(file:///Users/mathumathibalakrishnan/eclipse/Mathumathi_2025/Team4_AppiumAvengers/src/test/resources/features/watchedVideoCleaner.feature:5)
]]>
            </full-stacktrace>
          </exception> <!-- org.openqa.selenium.NoSuchElementException -->
          <reporter-output>
          </reporter-output>
        </test-method> <!-- runScenario -->
        <test-method is-config="true" signature="tearDownClass()[pri:0, instance:testRunner.TestRunner@6650813a]" started-at="2025-04-29T22:40:40 EDT" name="tearDownClass" finished-at="2025-04-29T22:40:40 EDT" duration-ms="149" status="PASS">
>>>>>>> 22e7530fa20d069445f7a5116911e2d76ec357a2
          <reporter-output>
          </reporter-output>
        </test-method> <!-- tearDownClass -->
      </class> <!-- testRunner.TestRunner -->
    </test> <!-- Default test -->
  </suite> <!-- Default suite -->
</testng-results>
